<?xml version="1.0" encoding="UTF-8"?>
<!-- Generated by org.testng.reporters.JUnitReportReporter -->
<testsuite hostname="Vibha-PC" failures="0" tests="1" name="testCases.CompareTwoProducts" time="5.082" errors="0" timestamp="24 Jun 2024 18:53:55 GMT">
  <testcase classname="testCases.CompareTwoProducts" name="VerifyCompareProducts" time="5.082"/>
</testsuite> <!-- testCases.CompareTwoProducts -->
