<?xml version="1.0" encoding="UTF-8"?>
<!-- Generated by org.testng.reporters.JUnitReportReporter -->
<testsuite hostname="Vibha-PC" failures="0" tests="4" name="testCases.ErrorVerification" time="14.813" errors="0" timestamp="24 Jun 2024 15:17:35 GMT">
  <testcase classname="testCases.ErrorVerification" name="VerifyErrorMessage" time="9.793"/>
  <testcase classname="testCases.ErrorVerification" name="verifyEmptyCartMessage" time="2.660"/>
  <testcase classname="testCases.ErrorVerification" name="VerifyHomePageTitle" time="0.139"/>
  <testcase classname="testCases.ErrorVerification" name="VerifyMobilePageTitle" time="2.221"/>
</testsuite> <!-- testCases.ErrorVerification -->
