<?xml version="1.0" encoding="UTF-8"?>
<!-- Generated by org.testng.reporters.JUnitReportReporter -->
<testsuite hostname="Vibha-PC" failures="0" tests="1" name="testCases.VerifyAddingWishList" time="13.074" errors="0" timestamp="9 Jul 2024 22:10:12 GMT">
  <testcase classname="testCases.VerifyAddingWishList" name="VerifyWishList" time="13.074"/>
</testsuite> <!-- testCases.VerifyAddingWishList -->
