<?xml version="1.0" encoding="UTF-8"?>
<!-- Generated by org.testng.reporters.JUnitReportReporter -->
<testsuite hostname="Vibha-PC" failures="0" tests="1" name="testCases.VerifyPurchasingTheProduct" time="22.103" errors="0" timestamp="18 Jul 2024 18:30:36 GMT">
  <testcase classname="testCases.VerifyPurchasingTheProduct" name="SetupOrder" time="22.103"/>
</testsuite> <!-- testCases.VerifyPurchasingTheProduct -->
