<?xml version="1.0" encoding="UTF-8"?>
<!-- Generated by org.testng.reporters.JUnitReportReporter -->
<testsuite hostname="Vibha-PC" failures="0" tests="3" name="testCases.VerifyProductCost" time="22.335" errors="0" timestamp="19 Jun 2024 18:22:30 GMT">
  <testcase classname="testCases.VerifyProductCost" name="VerifyMobilePageTitle" time="4.762"/>
  <testcase classname="testCases.VerifyProductCost" name="VerifyCost" time="17.491"/>
  <testcase classname="testCases.VerifyProductCost" name="VerifyHomePageTitle" time="0.082"/>
</testsuite> <!-- testCases.VerifyProductCost -->
