<?xml version="1.0" encoding="UTF-8"?>
<!-- Generated by org.testng.reporters.JUnitReportReporter -->
<testsuite hostname="Vibha-PC" failures="0" tests="1" name="testCases.VerifyNewRegistration" time="10.052" errors="0" timestamp="27 Jun 2024 18:49:19 GMT">
  <testcase classname="testCases.VerifyNewRegistration" name="TestRegistration" time="10.052"/>
</testsuite> <!-- testCases.VerifyNewRegistration -->
